<?xml version="1.0" encoding="UTF-8"?>
<testsuite name="com.SolutionChallenge.ReCloset.DemoApplicationTests" tests="1" skipped="0" failures="0" errors="0" timestamp="2025-05-10T15:53:31" hostname="SH" time="0.388">
  <properties/>
  <testcase name="contextLoads()" classname="com.SolutionChallenge.ReCloset.DemoApplicationTests" time="0.388"/>
  <system-out><![CDATA[00:53:24.966 [Test worker] INFO org.springframework.test.context.support.AnnotationConfigContextLoaderUtils -- Could not detect default configuration classes for test class [com.SolutionChallenge.ReCloset.DemoApplicationTests]: DemoApplicationTests does not declare any static, non-private, non-final, nested classes annotated with @Configuration.
00:53:25.060 [Test worker] INFO org.springframework.boot.test.context.SpringBootTestContextBootstrapper -- Found @SpringBootConfiguration com.SolutionChallenge.ReCloset.ReClosetApplication for test class com.SolutionChallenge.ReCloset.DemoApplicationTests

  .   ____          _            __ _ _
 /\\ / ___'_ __ _ _(_)_ __  __ _ \ \ \ \
( ( )\___ | '_ | '_| | '_ \/ _` | \ \ \ \
 \\/  ___)| |_)| | | | | || (_| |  ) ) ) )
  '  |____| .__|_| |_|_| |_\__, | / / / /
 =========|_|==============|___/=/_/_/_/

 :: Spring Boot ::                (v3.3.1)

2025-05-11T00:53:25.491+09:00  INFO 6732 --- [demo] [    Test worker] c.S.ReCloset.DemoApplicationTests        : Starting DemoApplicationTests using Java 21.0.2 with PID 6732 (started by seohy in C:\github\ReCloset)
2025-05-11T00:53:25.491+09:00  INFO 6732 --- [demo] [    Test worker] c.S.ReCloset.DemoApplicationTests        : The following 1 profile is active: "jwt"
2025-05-11T00:53:26.462+09:00  INFO 6732 --- [demo] [    Test worker] .s.d.r.c.RepositoryConfigurationDelegate : Multiple Spring Data modules found, entering strict repository configuration mode
2025-05-11T00:53:26.462+09:00  INFO 6732 --- [demo] [    Test worker] .s.d.r.c.RepositoryConfigurationDelegate : Bootstrapping Spring Data JDBC repositories in DEFAULT mode.
2025-05-11T00:53:26.494+09:00  INFO 6732 --- [demo] [    Test worker] .RepositoryConfigurationExtensionSupport : Spring Data JDBC - Could not safely identify store assignment for repository candidate interface com.SolutionChallenge.ReCloset.app.repository.EmailVerificationRepository; If you want this repository to be a JDBC repository, consider annotating your entities with one of these annotations: org.springframework.data.relational.core.mapping.Table.
2025-05-11T00:53:26.494+09:00  INFO 6732 --- [demo] [    Test worker] .RepositoryConfigurationExtensionSupport : Spring Data JDBC - Could not safely identify store assignment for repository candidate interface com.SolutionChallenge.ReCloset.app.repository.RewardRepository; If you want this repository to be a JDBC repository, consider annotating your entities with one of these annotations: org.springframework.data.relational.core.mapping.Table.
2025-05-11T00:53:26.494+09:00  INFO 6732 --- [demo] [    Test worker] .RepositoryConfigurationExtensionSupport : Spring Data JDBC - Could not safely identify store assignment for repository candidate interface com.SolutionChallenge.ReCloset.app.repository.UserRepository; If you want this repository to be a JDBC repository, consider annotating your entities with one of these annotations: org.springframework.data.relational.core.mapping.Table.
2025-05-11T00:53:26.510+09:00  INFO 6732 --- [demo] [    Test worker] .RepositoryConfigurationExtensionSupport : Spring Data JDBC - Could not safely identify store assignment for repository candidate interface com.SolutionChallenge.ReCloset.app.repository.WithdrawalRepository; If you want this repository to be a JDBC repository, consider annotating your entities with one of these annotations: org.springframework.data.relational.core.mapping.Table.
2025-05-11T00:53:26.510+09:00  INFO 6732 --- [demo] [    Test worker] .s.d.r.c.RepositoryConfigurationDelegate : Finished Spring Data repository scanning in 33 ms. Found 0 JDBC repository interfaces.
2025-05-11T00:53:26.510+09:00  INFO 6732 --- [demo] [    Test worker] .s.d.r.c.RepositoryConfigurationDelegate : Multiple Spring Data modules found, entering strict repository configuration mode
2025-05-11T00:53:26.510+09:00  INFO 6732 --- [demo] [    Test worker] .s.d.r.c.RepositoryConfigurationDelegate : Bootstrapping Spring Data JPA repositories in DEFAULT mode.
2025-05-11T00:53:26.547+09:00  INFO 6732 --- [demo] [    Test worker] .s.d.r.c.RepositoryConfigurationDelegate : Finished Spring Data repository scanning in 25 ms. Found 4 JPA repository interfaces.
2025-05-11T00:53:27.147+09:00  INFO 6732 --- [demo] [    Test worker] o.hibernate.jpa.internal.util.LogHelper  : HHH000204: Processing PersistenceUnitInfo [name: default]
2025-05-11T00:53:27.202+09:00  INFO 6732 --- [demo] [    Test worker] org.hibernate.Version                    : HHH000412: Hibernate ORM core version 6.5.2.Final
2025-05-11T00:53:27.249+09:00  INFO 6732 --- [demo] [    Test worker] o.h.c.internal.RegionFactoryInitiator    : HHH000026: Second-level cache disabled
2025-05-11T00:53:27.550+09:00  INFO 6732 --- [demo] [    Test worker] o.s.o.j.p.SpringPersistenceUnitInfo      : No LoadTimeWeaver setup: ignoring JPA class transformer
2025-05-11T00:53:27.581+09:00  INFO 6732 --- [demo] [    Test worker] com.zaxxer.hikari.HikariDataSource       : HikariPool-1 - Starting...
2025-05-11T00:53:27.991+09:00  INFO 6732 --- [demo] [    Test worker] com.zaxxer.hikari.pool.HikariPool        : HikariPool-1 - Added connection com.mysql.cj.jdbc.ConnectionImpl@1c2b65cc
2025-05-11T00:53:27.991+09:00  INFO 6732 --- [demo] [    Test worker] com.zaxxer.hikari.HikariDataSource       : HikariPool-1 - Start completed.
2025-05-11T00:53:28.054+09:00  WARN 6732 --- [demo] [    Test worker] org.hibernate.orm.deprecation            : HHH90000025: MySQLDialect does not need to be specified explicitly using 'hibernate.dialect' (remove the property setting and it will be selected by default)
2025-05-11T00:53:28.897+09:00  INFO 6732 --- [demo] [    Test worker] o.h.e.t.j.p.i.JtaPlatformInitiator       : HHH000489: No JTA platform available (set 'hibernate.transaction.jta.platform' to enable JTA platform integration)
2025-05-11T00:53:28.995+09:00  INFO 6732 --- [demo] [    Test worker] j.LocalContainerEntityManagerFactoryBean : Initialized JPA EntityManagerFactory for persistence unit 'default'
2025-05-11T00:53:29.471+09:00  INFO 6732 --- [demo] [    Test worker] o.s.d.j.r.query.QueryEnhancerFactory     : Hibernate is in classpath; If applicable, HQL parser will be used.
2025-05-11T00:53:30.397+09:00  INFO 6732 --- [demo] [    Test worker] r$InitializeUserDetailsManagerConfigurer : Global AuthenticationManager configured with UserDetailsService bean with name loginService
2025-05-11T00:53:31.313+09:00  INFO 6732 --- [demo] [    Test worker] c.S.ReCloset.DemoApplicationTests        : Started DemoApplicationTests in 6.095 seconds (process running for 7.255)
]]></system-out>
  <system-err><![CDATA[WARNING: A Java agent has been loaded dynamically (C:\Users\seohy\.gradle\caches\modules-2\files-2.1\net.bytebuddy\byte-buddy-agent\1.14.17\e3c251a39dc90badaf71c83427ba46840f219d8d\byte-buddy-agent-1.14.17.jar)
WARNING: If a serviceability tool is in use, please run with -XX:+EnableDynamicAgentLoading to hide this warning
WARNING: If a serviceability tool is not in use, please run with -Djdk.instrument.traceUsage for more information
WARNING: Dynamic loading of agents will be disallowed by default in a future release
]]></system-err>
</testsuite>
